<?xml version="1.0" encoding="UTF-8"?>
<testsuite name="Tanks.TerrainTest" tests="2" skipped="0" failures="0" errors="0" timestamp="2024-05-12T10:01:42" hostname="LAPTOP-2SI78J1K" time="7.016">
  <properties/>
  <testcase name="testSetHeight()" classname="Tanks.TerrainTest" time="2.522"/>
  <testcase name="testTankGoOffTerrainAndExplode()" classname="Tanks.TerrainTest" time="4.494"/>
  <system-out><![CDATA[]]></system-out>
  <system-err><![CDATA[]]></system-err>
</testsuite>
